 ====================================================
  PSCAD LINE CONSTANTS PROGRAM OUTPUT FILE (*.out)

  NOTE: This file is auto-generated.  Any manual
        changes will be lost once the Line Constants
        Program is re-run.
 =====================================================

  Display Format: M,N denotes a complex number M + jN


 ----------------------------------------------------
  PHASE DOMAIN DATA @     60.000 Hz:
 -----------------------------------------------------

 SERIES IMPEDANCE MATRIX (Z) [ohms/m]: 
    0.128547000E+03,0.146143656E+03   0.968070000E+02,0.509236560E+02   0.968070000E+02,0.509236560E+02
    0.968070000E+02,0.509236560E+02   0.128547000E+03,0.146143656E+03   0.968070000E+02,0.509236560E+02
    0.968070000E+02,0.509236560E+02   0.968070000E+02,0.509236560E+02   0.128547000E+03,0.146143656E+03

 SHUNT ADMITTANCE MATRIX (Y) [mhos/m]: 
    0.000000000E+00,0.683095846E-04   0.000000000E+00,-.730478216E-05   0.000000000E+00,-.730478216E-05
    0.000000000E+00,-.730478216E-05   0.000000000E+00,0.683095846E-04   0.000000000E+00,-.730478216E-05
    0.000000000E+00,-.730478216E-05   0.000000000E+00,-.730478216E-05   0.000000000E+00,0.683095846E-04

 LONG-LINE CORRECTED SERIES IMPEDANCE MATRIX [ohms]: 
    0.128019756E+03,0.146201626E+03   0.963558920E+02,0.510831666E+02   0.963558920E+02,0.510831666E+02
    0.963558920E+02,0.510831666E+02   0.128019756E+03,0.146201626E+03   0.963558920E+02,0.510831666E+02
    0.963558920E+02,0.510831666E+02   0.963558920E+02,0.510831666E+02   0.128019756E+03,0.146201626E+03

 LONG-LINE CORRECTED SHUNT ADMITTANCE MATRIX [mhos]: 
    0.359711625E-07,0.683596961E-04   0.208264893E-07,-.730006835E-05   0.208264893E-07,-.730006835E-05
    0.208264893E-07,-.730006835E-05   0.359711625E-07,0.683596961E-04   0.208264893E-07,-.730006835E-05
    0.208264893E-07,-.730006835E-05   0.208264893E-07,-.730006835E-05   0.359711625E-07,0.683596961E-04

 -----------------------------------------------------
  MODAL DOMAIN DATA @     60.00 Hz:
 -----------------------------------------------------

 YZ EIGENVECTOR (MODAL TRANSFORMATION) MATRIX (TI): 
    0.577350269E+00,0.000000000E+00   0.816496581E+00,0.000000000E+00   0.000000000E+00,0.000000000E+00
    0.577350269E+00,0.000000000E+00   -.408248290E+00,0.000000000E+00   0.707106781E+00,0.000000000E+00
    0.577350269E+00,0.000000000E+00   -.408248290E+00,0.000000000E+00   -.707106781E+00,0.000000000E+00

 YZ EIGENVALUE VECTOR: 
    0.000000000E+00,0.000000000E+00   0.000000000E+00,0.000000000E+00   0.000000000E+00,0.000000000E+00

 MODAL IMPEDANCE MATRIX [ohms/m]: 
    0.322161000E+03,0.247990968E+03   0.000000000E+00,0.000000000E+00   0.000000000E+00,0.000000000E+00
    0.000000000E+00,0.000000000E+00   0.317400000E+02,0.952200000E+02   0.000000000E+00,0.000000000E+00
    0.000000000E+00,0.000000000E+00   0.000000000E+00,0.000000000E+00   0.317400000E+02,0.952200000E+02

 MODAL ADMITTANCE MATRIX [mhos/m]: 
    0.000000000E+00,0.537000202E-04   0.000000000E+00,0.000000000E+00   0.000000000E+00,0.000000000E+00
    0.000000000E+00,0.000000000E+00   0.000000000E+00,0.756143667E-04   0.000000000E+00,0.000000000E+00
    0.000000000E+00,0.000000000E+00   0.000000000E+00,0.000000000E+00   0.000000000E+00,0.756143667E-04

 MODAL CHARACTERISTIC IMPEDANCE VECTOR (Z0) [ohms]: 
    0.246869797E+04,-.121506793E+04   0.113725259E+04,-.184550690E+03   0.113725259E+04,-.184550690E+03

 MODAL TRAVEL TIME VECTOR [ms]: 
    0.351650542E+00                   0.228102548E+00                   0.228102548E+00

 MODAL VELOCITY VECTOR [m/s]: 
    0.284373229E+04                   0.438399312E+04                   0.438399312E+04

 -----------------------------------------------------
  SEQUENCE COMPONENT DATA @     60.00 Hz:
 -----------------------------------------------------

 SEQUENCE TRANSFORM MATRIX: 
    0.577350269E+00,0.000000000E+00   0.577350269E+00,0.000000000E+00   0.577350269E+00,0.000000000E+00
    0.577350269E+00,0.000000000E+00   -.288675135E+00,-.500000000E+00   -.288675135E+00,0.500000000E+00
    0.577350269E+00,0.000000000E+00   -.288675135E+00,0.500000000E+00   -.288675135E+00,-.500000000E+00

 SEQUENCE IMPEDANCE MATRIX (Zsq) [ohms/m]: 
    0.322161000E+03,0.247990968E+03   0.161227230E-14,-.177635684E-13   0.956979583E-14,0.710542736E-14
    -.142108547E-13,0.710542736E-14   0.317400000E+02,0.952200000E+02   0.355271368E-14,0.266453526E-13
    0.000000000E+00,0.710542736E-14   -.186517468E-13,0.488498131E-14   0.317400000E+02,0.952200000E+02

 SEQUENCE ADMITTANCE MATRIX (Ysq) [mhos/m]: 
    0.000000000E+00,0.537000202E-04   0.000000000E+00,0.000000000E+00   0.000000000E+00,0.000000000E+00
    0.000000000E+00,0.000000000E+00   0.000000000E+00,0.756143667E-04   0.000000000E+00,0.000000000E+00
    0.000000000E+00,0.000000000E+00   0.000000000E+00,0.000000000E+00   0.000000000E+00,0.756143667E-04

 -----------------------------------------------------
  LOAD FLOW RXB FORMATTED DATA @     60.00 Hz:
 -----------------------------------------------------

  Per-Unit Quantities Based On:    Base Voltage:  230.00 kV,L-L,RMS
                                       Base MVA:  100.00 MVA

  NOTE: Base values are set using Output File Data
        Display Options component in Editor view.

  LONG-LINE CORRECTED SEQUENCE RESISTANCE RLLsq [p.u.]:
         + Seq. Self: 0.598560749E-01
         0 Seq. Self: 0.606297807    

  LONG-LINE CORRECTED SEQUENCE REACTANCE XLLsq [p.u.]:
         + Seq. Self: 0.179808052    
         0 Seq. Self: 0.469504649    

  LONG-LINE CORRECTED SEQUENCE SUSCEPTANCE BLLsq [p.u]:
         + Seq. Self: 0.400240154E-01
         0 Seq. Self: 0.284388069E-01

  SEQUENCE RESISTANCE Rsq [p.u.]:
         + Seq. Self: 0.600000000E-01
         0 Seq. Self: 0.609000000    

  SEQUENCE REACTANCE Xsq [p.u.]:
         + Seq. Self: 0.180000000    
         0 Seq. Self: 0.468792000    

  SEQUENCE SUSCEPTANCE Bsq [p.u.]:
         + Seq. Self: 0.400000000E-01
         0 Seq. Self: 0.284073107E-01
 
