 ====================================================
  PSCAD LINE CONSTANTS PROGRAM OUTPUT FILE (*.out)

  NOTE: This file is auto-generated.  Any manual
        changes will be lost once the Line Constants
        Program is re-run.
 =====================================================

  Display Format: M,N denotes a complex number M + jN


 ----------------------------------------------------
  PHASE DOMAIN DATA @     60.000 Hz:
 -----------------------------------------------------

 SERIES IMPEDANCE MATRIX (Z) [ohms/m]: 
    0.428490000E+02,0.487145520E+02   0.322690000E+02,0.169745520E+02   0.322690000E+02,0.169745520E+02
    0.322690000E+02,0.169745520E+02   0.428490000E+02,0.487145520E+02   0.322690000E+02,0.169745520E+02
    0.322690000E+02,0.169745520E+02   0.322690000E+02,0.169745520E+02   0.428490000E+02,0.487145520E+02

 SHUNT ADMITTANCE MATRIX (Y) [mhos/m]: 
    0.000000000E+00,0.102464377E-03   0.000000000E+00,-.109571732E-04   0.000000000E+00,-.109571732E-04
    0.000000000E+00,-.109571732E-04   0.000000000E+00,0.102464377E-03   0.000000000E+00,-.109571732E-04
    0.000000000E+00,-.109571732E-04   0.000000000E+00,-.109571732E-04   0.000000000E+00,0.102464377E-03

 LONG-LINE CORRECTED SERIES IMPEDANCE MATRIX [ohms]: 
    0.427611064E+02,0.487242535E+02   0.321937991E+02,0.170011792E+02   0.321937991E+02,0.170011792E+02
    0.321937991E+02,0.170011792E+02   0.427611064E+02,0.487242535E+02   0.321937991E+02,0.170011792E+02
    0.321937991E+02,0.170011792E+02   0.321937991E+02,0.170011792E+02   0.427611064E+02,0.487242535E+02

 LONG-LINE CORRECTED SHUNT ADMITTANCE MATRIX [mhos]: 
    0.269471104E-07,0.102501960E-03   0.155967847E-07,-.109536273E-04   0.155967847E-07,-.109536273E-04
    0.155967847E-07,-.109536273E-04   0.269471104E-07,0.102501960E-03   0.155967847E-07,-.109536273E-04
    0.155967847E-07,-.109536273E-04   0.155967847E-07,-.109536273E-04   0.269471104E-07,0.102501960E-03

 -----------------------------------------------------
  MODAL DOMAIN DATA @     60.00 Hz:
 -----------------------------------------------------

 YZ EIGENVECTOR (MODAL TRANSFORMATION) MATRIX (TI): 
    0.577350269E+00,0.000000000E+00   0.816496581E+00,0.000000000E+00   0.000000000E+00,0.000000000E+00
    0.577350269E+00,0.000000000E+00   -.408248290E+00,0.000000000E+00   0.707106781E+00,0.000000000E+00
    0.577350269E+00,0.000000000E+00   -.408248290E+00,0.000000000E+00   -.707106781E+00,0.000000000E+00

 YZ EIGENVALUE VECTOR: 
    0.000000000E+00,0.000000000E+00   0.000000000E+00,0.000000000E+00   0.000000000E+00,0.000000000E+00

 MODAL IMPEDANCE MATRIX [ohms/m]: 
    0.107387000E+03,0.826636560E+02   0.000000000E+00,0.000000000E+00   0.000000000E+00,0.000000000E+00
    0.000000000E+00,0.000000000E+00   0.105800000E+02,0.317400000E+02   0.000000000E+00,0.000000000E+00
    0.000000000E+00,0.000000000E+00   0.000000000E+00,0.000000000E+00   0.105800000E+02,0.317400000E+02

 MODAL ADMITTANCE MATRIX [mhos/m]: 
    0.000000000E+00,0.805500304E-04   0.000000000E+00,0.000000000E+00   0.000000000E+00,0.000000000E+00
    0.000000000E+00,0.000000000E+00   0.000000000E+00,0.113421550E-03   0.000000000E+00,0.000000000E+00
    0.000000000E+00,0.000000000E+00   0.000000000E+00,0.000000000E+00   0.000000000E+00,0.113421550E-03

 MODAL CHARACTERISTIC IMPEDANCE VECTOR (Z0) [ohms]: 
    0.116375538E+04,-.572788516E+03   0.536106013E+03,-.869980294E+02   0.536106013E+03,-.869980294E+02

 MODAL TRAVEL TIME VECTOR [ms]: 
    0.248654483E+00                   0.161292858E+00                   0.161292858E+00

 MODAL VELOCITY VECTOR [m/s]: 
    0.402164477E+04                   0.619990253E+04                   0.619990253E+04

 -----------------------------------------------------
  SEQUENCE COMPONENT DATA @     60.00 Hz:
 -----------------------------------------------------

 SEQUENCE TRANSFORM MATRIX: 
    0.577350269E+00,0.000000000E+00   0.577350269E+00,0.000000000E+00   0.577350269E+00,0.000000000E+00
    0.577350269E+00,0.000000000E+00   -.288675135E+00,-.500000000E+00   -.288675135E+00,0.500000000E+00
    0.577350269E+00,0.000000000E+00   -.288675135E+00,0.500000000E+00   -.288675135E+00,-.500000000E+00

 SEQUENCE IMPEDANCE MATRIX (Zsq) [ohms/m]: 
    0.107387000E+03,0.826636560E+02   -.123893274E-14,-.888178420E-14   0.111751563E-14,0.000000000E+00
    -.710542736E-14,-.355271368E-14   0.105800000E+02,0.317400000E+02   0.177635684E-14,0.106581410E-13
    0.355271368E-14,-.355271368E-14   -.555111512E-14,0.155431223E-14   0.105800000E+02,0.317400000E+02

 SEQUENCE ADMITTANCE MATRIX (Ysq) [mhos/m]: 
    0.000000000E+00,0.805500304E-04   0.000000000E+00,0.000000000E+00   0.000000000E+00,0.000000000E+00
    0.000000000E+00,0.000000000E+00   0.000000000E+00,0.113421550E-03   0.000000000E+00,0.000000000E+00
    0.000000000E+00,0.000000000E+00   0.000000000E+00,0.000000000E+00   0.000000000E+00,0.113421550E-03

 -----------------------------------------------------
  LOAD FLOW RXB FORMATTED DATA @     60.00 Hz:
 -----------------------------------------------------

  Per-Unit Quantities Based On:    Base Voltage:  230.00 kV,L-L,RMS
                                       Base MVA:  100.00 MVA

  NOTE: Base values are set using Output File Data
        Display Options component in Editor view.

  LONG-LINE CORRECTED SEQUENCE RESISTANCE RLLsq [p.u.]:
         + Seq. Self: 0.199760062E-01
         0 Seq. Self: 0.202549536    

  LONG-LINE CORRECTED SEQUENCE REACTANCE XLLsq [p.u.]:
         + Seq. Self: 0.599680043E-01
         0 Seq. Self: 0.156383009    

  LONG-LINE CORRECTED SEQUENCE SUSCEPTANCE BLLsq [p.u]:
         + Seq. Self: 0.600180058E-01
         0 Seq. Self: 0.426345992E-01

  SEQUENCE RESISTANCE Rsq [p.u.]:
         + Seq. Self: 0.200000000E-01
         0 Seq. Self: 0.203000000    

  SEQUENCE REACTANCE Xsq [p.u.]:
         + Seq. Self: 0.600000000E-01
         0 Seq. Self: 0.156264000    

  SEQUENCE SUSCEPTANCE Bsq [p.u.]:
         + Seq. Self: 0.600000000E-01
         0 Seq. Self: 0.426109661E-01
 
