 ====================================================
  PSCAD LINE CONSTANTS PROGRAM OUTPUT FILE (*.out)

  NOTE: This file is auto-generated.  Any manual
        changes will be lost once the Line Constants
        Program is re-run.
 =====================================================

  Display Format: M,N denotes a complex number M + jN


 ----------------------------------------------------
  PHASE DOMAIN DATA @     60.000 Hz:
 -----------------------------------------------------

 SERIES IMPEDANCE MATRIX (Z) [ohms/m]: 
    0.211600000E+02,0.634800000E+02   0.888178420E-15,-.355271368E-14   0.888178420E-15,-.355271368E-14
    0.888178420E-15,-.355271368E-14   0.211600000E+02,0.634800000E+02   0.355271368E-14,0.142108547E-13
    0.888178420E-15,-.355271368E-14   0.355271368E-14,0.142108547E-13   0.211600000E+02,0.634800000E+02

 SHUNT ADMITTANCE MATRIX (Y) [mhos/m]: 
    0.000000000E+00,0.567107750E-04   0.000000000E+00,0.000000000E+00   0.000000000E+00,0.000000000E+00
    0.000000000E+00,0.000000000E+00   0.000000000E+00,0.567107750E-04   0.000000000E+00,0.000000000E+00
    0.000000000E+00,0.000000000E+00   0.000000000E+00,0.000000000E+00   0.000000000E+00,0.567107750E-04

 LONG-LINE CORRECTED SERIES IMPEDANCE MATRIX [ohms]: 
    0.211346146E+02,0.634461486E+02   0.888178420E-15,-.355271368E-14   0.888178420E-15,-.355271368E-14
    0.888178420E-15,-.355271368E-14   0.211346146E+02,0.634461486E+02   0.355271368E-14,0.142108547E-13
    0.888178420E-15,-.355271368E-14   0.355271368E-14,0.142108547E-13   0.211346146E+02,0.634461486E+02

 LONG-LINE CORRECTED SHUNT ADMITTANCE MATRIX [mhos]: 
    0.567516283E-08,0.567277937E-04   0.000000000E+00,0.000000000E+00   0.000000000E+00,0.000000000E+00
    0.000000000E+00,0.000000000E+00   0.567516283E-08,0.567277937E-04   0.000000000E+00,0.000000000E+00
    0.000000000E+00,0.000000000E+00   0.000000000E+00,0.000000000E+00   0.567516283E-08,0.567277937E-04

 -----------------------------------------------------
  MODAL DOMAIN DATA @     60.00 Hz:
 -----------------------------------------------------

 YZ EIGENVECTOR (MODAL TRANSFORMATION) MATRIX (TI): 
    0.577350269E+00,0.000000000E+00   0.816496581E+00,0.000000000E+00   0.000000000E+00,0.000000000E+00
    0.577350269E+00,0.000000000E+00   -.408248290E+00,0.000000000E+00   0.707106781E+00,0.000000000E+00
    0.577350269E+00,0.000000000E+00   -.408248290E+00,0.000000000E+00   -.707106781E+00,0.000000000E+00

 YZ EIGENVALUE VECTOR: 
    0.000000000E+00,0.000000000E+00   0.000000000E+00,0.000000000E+00   0.000000000E+00,0.000000000E+00

 MODAL IMPEDANCE MATRIX [ohms/m]: 
    0.211600000E+02,0.634800000E+02   0.000000000E+00,0.000000000E+00   0.000000000E+00,0.000000000E+00
    0.000000000E+00,0.000000000E+00   0.211600000E+02,0.634800000E+02   0.000000000E+00,0.000000000E+00
    0.000000000E+00,0.000000000E+00   0.000000000E+00,0.000000000E+00   0.211600000E+02,0.634800000E+02

 MODAL ADMITTANCE MATRIX [mhos/m]: 
    0.000000000E+00,0.567107750E-04   0.000000000E+00,0.000000000E+00   0.000000000E+00,0.000000000E+00
    0.000000000E+00,0.000000000E+00   0.000000000E+00,0.567107750E-04   0.000000000E+00,0.000000000E+00
    0.000000000E+00,0.000000000E+00   0.000000000E+00,0.000000000E+00   0.000000000E+00,0.567107750E-04

 MODAL CHARACTERISTIC IMPEDANCE VECTOR (Z0) [ohms]: 
    0.107221203E+04,-.173996059E+03   0.107221203E+04,-.173996059E+03   0.107221203E+04,-.173996059E+03

 MODAL TRAVEL TIME VECTOR [ms]: 
    0.161292858E+00                   0.161292858E+00                   0.161292858E+00

 MODAL VELOCITY VECTOR [m/s]: 
    0.619990253E+04                   0.619990253E+04                   0.619990253E+04

 -----------------------------------------------------
  SEQUENCE COMPONENT DATA @     60.00 Hz:
 -----------------------------------------------------

 SEQUENCE TRANSFORM MATRIX: 
    0.577350269E+00,0.000000000E+00   0.577350269E+00,0.000000000E+00   0.577350269E+00,0.000000000E+00
    0.577350269E+00,0.000000000E+00   -.288675135E+00,-.500000000E+00   -.288675135E+00,0.500000000E+00
    0.577350269E+00,0.000000000E+00   -.288675135E+00,0.500000000E+00   -.288675135E+00,-.500000000E+00

 SEQUENCE IMPEDANCE MATRIX (Zsq) [ohms/m]: 
    0.211600000E+02,0.634800000E+02   0.107484820E-14,-.150990331E-13   0.578774494E-14,0.355271368E-14
    0.000000000E+00,-.177635684E-14   0.211600000E+02,0.634800000E+02   0.355271368E-14,0.230926389E-13
    0.000000000E+00,0.355271368E-14   -.146549439E-13,0.532907052E-14   0.211600000E+02,0.634800000E+02

 SEQUENCE ADMITTANCE MATRIX (Ysq) [mhos/m]: 
    0.000000000E+00,0.567107750E-04   0.000000000E+00,0.000000000E+00   0.000000000E+00,0.000000000E+00
    0.000000000E+00,0.000000000E+00   0.000000000E+00,0.567107750E-04   0.000000000E+00,0.000000000E+00
    0.000000000E+00,0.000000000E+00   0.000000000E+00,0.000000000E+00   0.000000000E+00,0.567107750E-04

 -----------------------------------------------------
  LOAD FLOW RXB FORMATTED DATA @     60.00 Hz:
 -----------------------------------------------------

  Per-Unit Quantities Based On:    Base Voltage:  230.00 kV,L-L,RMS
                                       Base MVA:  100.00 MVA

  NOTE: Base values are set using Output File Data
        Display Options component in Editor view.

  LONG-LINE CORRECTED SEQUENCE RESISTANCE RLLsq [p.u.]:
         + Seq. Self: 0.399520125E-01
         0 Seq. Self: 0.399520125E-01

  LONG-LINE CORRECTED SEQUENCE REACTANCE XLLsq [p.u.]:
         + Seq. Self: 0.119936009    
         0 Seq. Self: 0.119936009    

  LONG-LINE CORRECTED SEQUENCE SUSCEPTANCE BLLsq [p.u]:
         + Seq. Self: 0.300090029E-01
         0 Seq. Self: 0.300090029E-01

  SEQUENCE RESISTANCE Rsq [p.u.]:
         + Seq. Self: 0.400000000E-01
         0 Seq. Self: 0.400000000E-01

  SEQUENCE REACTANCE Xsq [p.u.]:
         + Seq. Self: 0.120000000    
         0 Seq. Self: 0.120000000    

  SEQUENCE SUSCEPTANCE Bsq [p.u.]:
         + Seq. Self: 0.300000000E-01
         0 Seq. Self: 0.300000000E-01
 
