 ====================================================
  PSCAD LINE CONSTANTS PROGRAM OUTPUT FILE (*.out)

  NOTE: This file is auto-generated.  Any manual
        changes will be lost once the Line Constants
        Program is re-run.
 =====================================================

  Display Format: M,N denotes a complex number M + jN


 ----------------------------------------------------
  PHASE DOMAIN DATA @     60.000 Hz:
 -----------------------------------------------------

 SERIES IMPEDANCE MATRIX (Z) [ohms/m]: 
    0.214245000E+02,0.243572760E+02   0.161345000E+02,0.848727600E+01   0.161345000E+02,0.848727600E+01
    0.161345000E+02,0.848727600E+01   0.214245000E+02,0.243572760E+02   0.161345000E+02,0.848727600E+01
    0.161345000E+02,0.848727600E+01   0.161345000E+02,0.848727600E+01   0.214245000E+02,0.243572760E+02

 SHUNT ADMITTANCE MATRIX (Y) [mhos/m]: 
    0.000000000E+00,0.341547923E-04   0.000000000E+00,-.365239108E-05   0.000000000E+00,-.365239108E-05
    0.000000000E+00,-.365239108E-05   0.000000000E+00,0.341547923E-04   0.000000000E+00,-.365239108E-05
    0.000000000E+00,-.365239108E-05   0.000000000E+00,-.365239108E-05   0.000000000E+00,0.341547923E-04

 LONG-LINE CORRECTED SERIES IMPEDANCE MATRIX [ohms]: 
    0.214171742E+02,0.243580872E+02   0.161282321E+02,0.848949786E+01   0.161282321E+02,0.848949786E+01
    0.161282321E+02,0.848949786E+01   0.214171742E+02,0.243580872E+02   0.161282321E+02,0.848949786E+01
    0.161282321E+02,0.848949786E+01   0.161282321E+02,0.848949786E+01   0.214171742E+02,0.243580872E+02

 LONG-LINE CORRECTED SHUNT ADMITTANCE MATRIX [mhos]: 
    0.149561561E-08,0.341568802E-04   0.865420262E-09,-.365219360E-05   0.865420262E-09,-.365219360E-05
    0.865420262E-09,-.365219360E-05   0.149561561E-08,0.341568802E-04   0.865420262E-09,-.365219360E-05
    0.865420262E-09,-.365219360E-05   0.865420262E-09,-.365219360E-05   0.149561561E-08,0.341568802E-04

 -----------------------------------------------------
  MODAL DOMAIN DATA @     60.00 Hz:
 -----------------------------------------------------

 YZ EIGENVECTOR (MODAL TRANSFORMATION) MATRIX (TI): 
    0.577350269E+00,0.000000000E+00   0.816496581E+00,0.000000000E+00   0.000000000E+00,0.000000000E+00
    0.577350269E+00,0.000000000E+00   -.408248290E+00,0.000000000E+00   0.707106781E+00,0.000000000E+00
    0.577350269E+00,0.000000000E+00   -.408248290E+00,0.000000000E+00   -.707106781E+00,0.000000000E+00

 YZ EIGENVALUE VECTOR: 
    0.000000000E+00,0.000000000E+00   0.000000000E+00,0.000000000E+00   0.000000000E+00,0.000000000E+00

 MODAL IMPEDANCE MATRIX [ohms/m]: 
    0.536935000E+02,0.413318280E+02   0.000000000E+00,0.000000000E+00   0.000000000E+00,0.000000000E+00
    0.000000000E+00,0.000000000E+00   0.529000000E+01,0.158700000E+02   0.000000000E+00,0.000000000E+00
    0.000000000E+00,0.000000000E+00   0.000000000E+00,0.000000000E+00   0.529000000E+01,0.158700000E+02

 MODAL ADMITTANCE MATRIX [mhos/m]: 
    0.000000000E+00,0.268500101E-04   0.000000000E+00,0.000000000E+00   0.000000000E+00,0.000000000E+00
    0.000000000E+00,0.000000000E+00   0.000000000E+00,0.378071834E-04   0.000000000E+00,0.000000000E+00
    0.000000000E+00,0.000000000E+00   0.000000000E+00,0.000000000E+00   0.000000000E+00,0.378071834E-04

 MODAL CHARACTERISTIC IMPEDANCE VECTOR (Z0) [ohms]: 
    0.142530344E+04,-.701519798E+03   0.656593090E+03,-.106550390E+03   0.656593090E+03,-.106550390E+03

 MODAL TRAVEL TIME VECTOR [ms]: 
    0.101512768E+00                   0.658475336E-01                   0.658475336E-01

 MODAL VELOCITY VECTOR [m/s]: 
    0.985097761E+04                   0.151865977E+05                   0.151865977E+05

 -----------------------------------------------------
  SEQUENCE COMPONENT DATA @     60.00 Hz:
 -----------------------------------------------------

 SEQUENCE TRANSFORM MATRIX: 
    0.577350269E+00,0.000000000E+00   0.577350269E+00,0.000000000E+00   0.577350269E+00,0.000000000E+00
    0.577350269E+00,0.000000000E+00   -.288675135E+00,-.500000000E+00   -.288675135E+00,0.500000000E+00
    0.577350269E+00,0.000000000E+00   -.288675135E+00,0.500000000E+00   -.288675135E+00,-.500000000E+00

 SEQUENCE IMPEDANCE MATRIX (Zsq) [ohms/m]: 
    0.536935000E+02,0.413318280E+02   -.150764479E-14,-.155431223E-14   -.210577744E-14,0.444089210E-14
    -.355271368E-14,0.266453526E-14   0.529000000E+01,0.158700000E+02   0.222044605E-14,0.177635684E-14
    0.000000000E+00,0.266453526E-14   -.233146835E-14,-.155431223E-14   0.529000000E+01,0.158700000E+02

 SEQUENCE ADMITTANCE MATRIX (Ysq) [mhos/m]: 
    0.000000000E+00,0.268500101E-04   0.000000000E+00,0.000000000E+00   0.000000000E+00,0.000000000E+00
    0.000000000E+00,0.000000000E+00   0.000000000E+00,0.378071834E-04   0.000000000E+00,0.000000000E+00
    0.000000000E+00,0.000000000E+00   0.000000000E+00,0.000000000E+00   0.000000000E+00,0.378071834E-04

 -----------------------------------------------------
  LOAD FLOW RXB FORMATTED DATA @     60.00 Hz:
 -----------------------------------------------------

  Per-Unit Quantities Based On:    Base Voltage:  230.00 kV,L-L,RMS
                                       Base MVA:  100.00 MVA

  NOTE: Base values are set using Output File Data
        Display Options component in Editor view.

  LONG-LINE CORRECTED SEQUENCE RESISTANCE RLLsq [p.u.]:
         + Seq. Self: 0.999800009E-02
         0 Seq. Self: 0.101462454    

  LONG-LINE CORRECTED SEQUENCE REACTANCE XLLsq [p.u.]:
         + Seq. Self: 0.299973334E-01
         0 Seq. Self: 0.781419337E-01

  LONG-LINE CORRECTED SEQUENCE SUSCEPTANCE BLLsq [p.u]:
         + Seq. Self: 0.200010001E-01
         0 Seq. Self: 0.142049688E-01

  SEQUENCE RESISTANCE Rsq [p.u.]:
         + Seq. Self: 0.100000000E-01
         0 Seq. Self: 0.101500000    

  SEQUENCE REACTANCE Xsq [p.u.]:
         + Seq. Self: 0.300000000E-01
         0 Seq. Self: 0.781320000E-01

  SEQUENCE SUSCEPTANCE Bsq [p.u.]:
         + Seq. Self: 0.200000000E-01
         0 Seq. Self: 0.142036554E-01
 
